<?xml version="1.0" encoding="UTF-8"?>
<testsuite xmlns:xsi="http://www.w3.org/2001/XMLSchema-instance" xsi:noNamespaceSchemaLocation="https://maven.apache.org/surefire/maven-surefire-plugin/xsd/surefire-test-report.xsd" name="StepsDefinitions.TestRunner" time="20.901" tests="5" errors="0" skipped="0" failures="0">
  <properties>
[...]
</properties>
  <testcase name="Chequear el logout de la pagina inicial" classname="Test de la Pantalla Principal" time="1.573"/>
  <testcase name="Verificar que la imagen del toolBar esta presente" classname="Test de la Pantalla Principal" time="1.019"/>
  <testcase name="Verificar que la pagina de google busque informacion" classname="Buscar en Google" time="5.35"/>
  <testcase name="Chequear que se loguee la pagina correctamente #1" classname="Test de la Pantalla de Login" time="6.761"/>
  <testcase name="Chequear que se loguee la pagina correctamente #2" classname="Test de la Pantalla de Login" time="5.671"/>
</testsuite>